<?xml version="1.0" encoding="UTF-8"?>
<coverage generated="1560321322465" clover="3.2.0">
  <project timestamp="1560321322465" name="All files">
    <metrics statements="14" coveredstatements="14" conditionals="0" coveredconditionals="0" methods="6" coveredmethods="6" elements="20" coveredelements="20" complexity="0" loc="14" ncloc="14" packages="1" files="2" classes="2"/>
    <file name="Homepage.component.js" path="/Volumes/MAC-DATA/Project/Pyco/TrainingJest/SimpleAppWithJest/jest-enzyme-config-for-react-native/src/homepage/Homepage.component.js">
      <metrics statements="13" coveredstatements="13" conditionals="0" coveredconditionals="0" methods="6" coveredmethods="6"/>
      <line num="11" count="4" type="stmt"/>
      <line num="15" count="4" type="stmt"/>
      <line num="20" count="4" type="stmt"/>
      <line num="21" count="1" type="stmt"/>
      <line num="22" count="1" type="stmt"/>
      <line num="25" count="4" type="stmt"/>
      <line num="26" count="1" type="stmt"/>
      <line num="27" count="1" type="stmt"/>
      <line num="30" count="4" type="stmt"/>
      <line num="31" count="1" type="stmt"/>
      <line num="32" count="1" type="stmt"/>
      <line num="37" count="4" type="stmt"/>
      <line num="38" count="4" type="stmt"/>
    </file>
    <file name="Homepage.component.styles.js" path="/Volumes/MAC-DATA/Project/Pyco/TrainingJest/SimpleAppWithJest/jest-enzyme-config-for-react-native/src/homepage/Homepage.component.styles.js">
      <metrics statements="1" coveredstatements="1" conditionals="0" coveredconditionals="0" methods="0" coveredmethods="0"/>
      <line num="3" count="1" type="stmt"/>
    </file>
  </project>
</coverage>
