{"/Volumes/MAC-DATA/Project/Pyco/TrainingJest/SimpleAppWithJest/jest-enzyme-config-for-react-native/src/homepage/Homepage.component.js": {"path":"/Volumes/MAC-DATA/Project/Pyco/TrainingJest/SimpleAppWithJest/jest-enzyme-config-for-react-native/src/homepage/Homepage.component.js","statementMap":{"0":{"start":{"line":11,"column":8},"end":{"line":11,"column":41}},"1":{"start":{"line":15,"column":8},"end":{"line":17,"column":10}},"2":{"start":{"line":20,"column":30},"end":{"line":23,"column":5}},"3":{"start":{"line":21,"column":31},"end":{"line":21,"column":41}},"4":{"start":{"line":22,"column":8},"end":{"line":22,"column":63}},"5":{"start":{"line":25,"column":24},"end":{"line":28,"column":5}},"6":{"start":{"line":26,"column":31},"end":{"line":26,"column":41}},"7":{"start":{"line":27,"column":8},"end":{"line":27,"column":66}},"8":{"start":{"line":30,"column":28},"end":{"line":33,"column":5}},"9":{"start":{"line":31,"column":31},"end":{"line":31,"column":41}},"10":{"start":{"line":32,"column":8},"end":{"line":32,"column":61}},"11":{"start":{"line":37,"column":26},"end":{"line":37,"column":36}},"12":{"start":{"line":38,"column":8},"end":{"line":61,"column":10}}},"fnMap":{"0":{"name":"(anonymous_0)","decl":{"start":{"line":10,"column":4},"end":{"line":10,"column":5}},"loc":{"start":{"line":10,"column":25},"end":{"line":12,"column":5}},"line":10},"1":{"name":"(anonymous_1)","decl":{"start":{"line":14,"column":4},"end":{"line":14,"column":5}},"loc":{"start":{"line":14,"column":33},"end":{"line":18,"column":5}},"line":14},"2":{"name":"(anonymous_2)","decl":{"start":{"line":20,"column":30},"end":{"line":20,"column":31}},"loc":{"start":{"line":20,"column":36},"end":{"line":23,"column":5}},"line":20},"3":{"name":"(anonymous_3)","decl":{"start":{"line":25,"column":24},"end":{"line":25,"column":25}},"loc":{"start":{"line":25,"column":30},"end":{"line":28,"column":5}},"line":25},"4":{"name":"(anonymous_4)","decl":{"start":{"line":30,"column":28},"end":{"line":30,"column":29}},"loc":{"start":{"line":30,"column":34},"end":{"line":33,"column":5}},"line":30},"5":{"name":"(anonymous_5)","decl":{"start":{"line":36,"column":4},"end":{"line":36,"column":5}},"loc":{"start":{"line":36,"column":13},"end":{"line":62,"column":5}},"line":36}},"branchMap":{},"s":{"0":4,"1":4,"2":4,"3":1,"4":1,"5":4,"6":1,"7":1,"8":4,"9":1,"10":1,"11":4,"12":4},"f":{"0":4,"1":4,"2":1,"3":1,"4":1,"5":4},"b":{},"_coverageSchema":"43e27e138ebf9cfc5966b082cf9a028302ed4184","hash":"26e731183116f4bf1e9cc76ef10cabf40c066ac8"}
,"/Volumes/MAC-DATA/Project/Pyco/TrainingJest/SimpleAppWithJest/jest-enzyme-config-for-react-native/src/homepage/Homepage.component.styles.js": {"path":"/Volumes/MAC-DATA/Project/Pyco/TrainingJest/SimpleAppWithJest/jest-enzyme-config-for-react-native/src/homepage/Homepage.component.styles.js","statementMap":{"0":{"start":{"line":3,"column":15},"end":{"line":24,"column":2}}},"fnMap":{},"branchMap":{},"s":{"0":1},"f":{},"b":{},"_coverageSchema":"43e27e138ebf9cfc5966b082cf9a028302ed4184","hash":"2a0178c3386220f1f786651e6d2856af3e9fcb36"}
}
