TN:
SF:/Volumes/MAC-DATA/Project/Pyco/TrainingJest/SimpleAppWithJest/jest-enzyme-config-for-react-native/src/homepage/Homepage.component.js
FN:10,(anonymous_0)
FN:14,(anonymous_1)
FN:20,(anonymous_2)
FN:25,(anonymous_3)
FN:30,(anonymous_4)
FN:36,(anonymous_5)
FNF:6
FNH:6
FNDA:4,(anonymous_0)
FNDA:4,(anonymous_1)
FNDA:1,(anonymous_2)
FNDA:1,(anonymous_3)
FNDA:1,(anonymous_4)
FNDA:4,(anonymous_5)
DA:11,4
DA:15,4
DA:20,4
DA:21,1
DA:22,1
DA:25,4
DA:26,1
DA:27,1
DA:30,4
DA:31,1
DA:32,1
DA:37,4
DA:38,4
LF:13
LH:13
BRF:0
BRH:0
end_of_record
TN:
SF:/Volumes/MAC-DATA/Project/Pyco/TrainingJest/SimpleAppWithJest/jest-enzyme-config-for-react-native/src/homepage/Homepage.component.styles.js
FNF:0
FNH:0
DA:3,1
LF:1
LH:1
BRF:0
BRH:0
end_of_record
